Build started 12/9/2014 8:25:54 PM.
     1>Project "C:\Users\Daniel\Documents\My STUFFZ\BIOLA UNIVERSITY\Fall 2014\Programming Languages\Interpreter Project\myProgram\myProgram.vcxproj" on node 2 (Build target(s)).
     1>ClCompile:
         C:\Program Files (x86)\Microsoft Visual Studio 12.0\VC\bin\CL.exe /c /Zi /nologo /W3 /WX- /O2 /Oi /Oy- /GL /D WIN32 /D NDEBUG /D _CONSOLE /D _UNICODE /D UNICODE /Gm- /EHsc /MD /GS /Gy /fp:precise /Zc:wchar_t /Zc:forScope /Fo"Release\\" /Fd"Release\vc120.pdb" /Gd /TP /analyze- /errorReport:prompt interpreter.cpp
         interpreter.cpp
     1>interpreter.cpp(93): warning C4800: 'float' : forcing value to bool 'true' or 'false' (performance warning)
     1>interpreter.cpp(173): warning C4018: '<' : signed/unsigned mismatch
     1>interpreter.cpp(184): warning C4258: 'i' : definition from the for loop is ignored; the definition from the enclosing scope is used
                 interpreter.cpp(173) : definition of 'i' ignored
                 interpreter.cpp(24) : definition of 'i' used
     1>interpreter.cpp(192): warning C4258: 'i' : definition from the for loop is ignored; the definition from the enclosing scope is used
                 interpreter.cpp(173) : definition of 'i' ignored
                 interpreter.cpp(24) : definition of 'i' used
     1>interpreter.cpp(196): warning C4258: 'i' : definition from the for loop is ignored; the definition from the enclosing scope is used
                 interpreter.cpp(173) : definition of 'i' ignored
                 interpreter.cpp(24) : definition of 'i' used
     1>interpreter.cpp(277): warning C4018: '<' : signed/unsigned mismatch
     1>interpreter.cpp(289): warning C4258: 'i' : definition from the for loop is ignored; the definition from the enclosing scope is used
                 interpreter.cpp(277) : definition of 'i' ignored
                 interpreter.cpp(24) : definition of 'i' used
     1>interpreter.cpp(296): warning C4258: 'i' : definition from the for loop is ignored; the definition from the enclosing scope is used
                 interpreter.cpp(277) : definition of 'i' ignored
                 interpreter.cpp(24) : definition of 'i' used
     1>interpreter.cpp(300): warning C4258: 'i' : definition from the for loop is ignored; the definition from the enclosing scope is used
                 interpreter.cpp(277) : definition of 'i' ignored
                 interpreter.cpp(24) : definition of 'i' used
     1>interpreter.cpp(351): warning C4800: 'float' : forcing value to bool 'true' or 'false' (performance warning)
     1>interpreter.cpp(387): warning C4018: '<' : signed/unsigned mismatch
     1>interpreter.cpp(399): warning C4258: 'i' : definition from the for loop is ignored; the definition from the enclosing scope is used
                 interpreter.cpp(387) : definition of 'i' ignored
                 interpreter.cpp(24) : definition of 'i' used
     1>interpreter.cpp(405): warning C4258: 'i' : definition from the for loop is ignored; the definition from the enclosing scope is used
                 interpreter.cpp(387) : definition of 'i' ignored
                 interpreter.cpp(24) : definition of 'i' used
     1>interpreter.cpp(409): warning C4258: 'i' : definition from the for loop is ignored; the definition from the enclosing scope is used
                 interpreter.cpp(387) : definition of 'i' ignored
                 interpreter.cpp(24) : definition of 'i' used
     1>interpreter.cpp(21): warning C4101: 'execute' : unreferenced local variable
     1>interpreter.cpp(102): warning C4101: 'param' : unreferenced local variable
     1>interpreter.cpp(122): warning C4101: 'param' : unreferenced local variable
     1>interpreter.cpp(135): warning C4101: 'param' : unreferenced local variable
     1>interpreter.cpp(186): warning C4101: 'param' : unreferenced local variable
     1>interpreter.cpp(207): warning C4101: 'param' : unreferenced local variable
     1>interpreter.cpp(221): warning C4101: 'param' : unreferenced local variable
     1>interpreter.cpp(258): warning C4101: 'param' : unreferenced local variable
     1>interpreter.cpp(291): warning C4101: 'param' : unreferenced local variable
     1>interpreter.cpp(360): warning C4101: 'param' : unreferenced local variable
     1>interpreter.cpp(401): warning C4101: 'param' : unreferenced local variable
       Link:
         C:\Program Files (x86)\Microsoft Visual Studio 12.0\VC\bin\link.exe /ERRORREPORT:PROMPT /OUT:"C:\Users\Daniel\Documents\My STUFFZ\BIOLA UNIVERSITY\Fall 2014\Programming Languages\Interpreter Project\Release\myProgram.exe" /INCREMENTAL:NO /NOLOGO kernel32.lib user32.lib gdi32.lib winspool.lib comdlg32.lib advapi32.lib shell32.lib ole32.lib oleaut32.lib uuid.lib odbc32.lib odbccp32.lib /MANIFEST /MANIFESTUAC:"level='asInvoker' uiAccess='false'" /manifest:embed /DEBUG /PDB:"C:\Users\Daniel\Documents\My STUFFZ\BIOLA UNIVERSITY\Fall 2014\Programming Languages\Interpreter Project\Release\myProgram.pdb" /SUBSYSTEM:CONSOLE /OPT:REF /OPT:ICF /LTCG /TLBID:1 /DYNAMICBASE /NXCOMPAT /IMPLIB:"C:\Users\Daniel\Documents\My STUFFZ\BIOLA UNIVERSITY\Fall 2014\Programming Languages\Interpreter Project\Release\myProgram.lib" /MACHINE:X86 /SAFESEH Release\expEvaluator.obj
         Release\interface.obj
         Release\interpreter.obj
         Release\lexScanner.obj
         Release\main.obj
         Generating code
     1>c:\users\daniel\documents\my stuffz\biola university\fall 2014\programming languages\interpreter project\myprogram\expevaluator.cpp(301): warning C4715: 'ExpressionEvaluator::infixToPostfixConversion' : not all control paths return a value
         Finished generating code
         myProgram.vcxproj -> C:\Users\Daniel\Documents\My STUFFZ\BIOLA UNIVERSITY\Fall 2014\Programming Languages\Interpreter Project\Release\myProgram.exe
     1>Done Building Project "C:\Users\Daniel\Documents\My STUFFZ\BIOLA UNIVERSITY\Fall 2014\Programming Languages\Interpreter Project\myProgram\myProgram.vcxproj" (Build target(s)).

Build succeeded.

Time Elapsed 00:00:04.05
