Build started 3/17/2015 2:47:23 PM.
     1>Project "C:\Users\Daniel\Documents\GitHub\Interpreter\myProgram\myProgram.vcxproj" on node 2 (Build target(s)).
     1>ClCompile:
         C:\Program Files (x86)\Microsoft Visual Studio 12.0\VC\bin\CL.exe /c /ZI /nologo /W3 /WX- /Od /Oy- /D WIN32 /D _DEBUG /D _CONSOLE /D _UNICODE /D UNICODE /Gm /EHsc /RTC1 /MDd /GS /fp:precise /Zc:wchar_t /Zc:forScope /Fo"Debug\\" /Fd"Debug\vc120.pdb" /Gd /TP /analyze- /errorReport:prompt expEvaluator.cpp interface.cpp interpreter.cpp lexScanner.cpp main.cpp
         main.cpp
         lexScanner.cpp
         interpreter.cpp
     1>c:\users\daniel\documents\github\interpreter\myprogram\interpreter.cpp(93): warning C4800: 'float' : forcing value to bool 'true' or 'false' (performance warning)
     1>c:\users\daniel\documents\github\interpreter\myprogram\interpreter.cpp(173): warning C4018: '<' : signed/unsigned mismatch
     1>c:\users\daniel\documents\github\interpreter\myprogram\interpreter.cpp(184): warning C4258: 'i' : definition from the for loop is ignored; the definition from the enclosing scope is used
                 c:\users\daniel\documents\github\interpreter\myprogram\interpreter.cpp(173) : definition of 'i' ignored
                 c:\users\daniel\documents\github\interpreter\myprogram\interpreter.cpp(24) : definition of 'i' used
     1>c:\users\daniel\documents\github\interpreter\myprogram\interpreter.cpp(192): warning C4258: 'i' : definition from the for loop is ignored; the definition from the enclosing scope is used
                 c:\users\daniel\documents\github\interpreter\myprogram\interpreter.cpp(173) : definition of 'i' ignored
                 c:\users\daniel\documents\github\interpreter\myprogram\interpreter.cpp(24) : definition of 'i' used
     1>c:\users\daniel\documents\github\interpreter\myprogram\interpreter.cpp(196): warning C4258: 'i' : definition from the for loop is ignored; the definition from the enclosing scope is used
                 c:\users\daniel\documents\github\interpreter\myprogram\interpreter.cpp(173) : definition of 'i' ignored
                 c:\users\daniel\documents\github\interpreter\myprogram\interpreter.cpp(24) : definition of 'i' used
     1>c:\users\daniel\documents\github\interpreter\myprogram\interpreter.cpp(277): warning C4018: '<' : signed/unsigned mismatch
     1>c:\users\daniel\documents\github\interpreter\myprogram\interpreter.cpp(289): warning C4258: 'i' : definition from the for loop is ignored; the definition from the enclosing scope is used
                 c:\users\daniel\documents\github\interpreter\myprogram\interpreter.cpp(277) : definition of 'i' ignored
                 c:\users\daniel\documents\github\interpreter\myprogram\interpreter.cpp(24) : definition of 'i' used
     1>c:\users\daniel\documents\github\interpreter\myprogram\interpreter.cpp(296): warning C4258: 'i' : definition from the for loop is ignored; the definition from the enclosing scope is used
                 c:\users\daniel\documents\github\interpreter\myprogram\interpreter.cpp(277) : definition of 'i' ignored
                 c:\users\daniel\documents\github\interpreter\myprogram\interpreter.cpp(24) : definition of 'i' used
     1>c:\users\daniel\documents\github\interpreter\myprogram\interpreter.cpp(300): warning C4258: 'i' : definition from the for loop is ignored; the definition from the enclosing scope is used
                 c:\users\daniel\documents\github\interpreter\myprogram\interpreter.cpp(277) : definition of 'i' ignored
                 c:\users\daniel\documents\github\interpreter\myprogram\interpreter.cpp(24) : definition of 'i' used
     1>c:\users\daniel\documents\github\interpreter\myprogram\interpreter.cpp(351): warning C4800: 'float' : forcing value to bool 'true' or 'false' (performance warning)
     1>c:\users\daniel\documents\github\interpreter\myprogram\interpreter.cpp(387): warning C4018: '<' : signed/unsigned mismatch
     1>c:\users\daniel\documents\github\interpreter\myprogram\interpreter.cpp(399): warning C4258: 'i' : definition from the for loop is ignored; the definition from the enclosing scope is used
                 c:\users\daniel\documents\github\interpreter\myprogram\interpreter.cpp(387) : definition of 'i' ignored
                 c:\users\daniel\documents\github\interpreter\myprogram\interpreter.cpp(24) : definition of 'i' used
     1>c:\users\daniel\documents\github\interpreter\myprogram\interpreter.cpp(405): warning C4258: 'i' : definition from the for loop is ignored; the definition from the enclosing scope is used
                 c:\users\daniel\documents\github\interpreter\myprogram\interpreter.cpp(387) : definition of 'i' ignored
                 c:\users\daniel\documents\github\interpreter\myprogram\interpreter.cpp(24) : definition of 'i' used
     1>c:\users\daniel\documents\github\interpreter\myprogram\interpreter.cpp(409): warning C4258: 'i' : definition from the for loop is ignored; the definition from the enclosing scope is used
                 c:\users\daniel\documents\github\interpreter\myprogram\interpreter.cpp(387) : definition of 'i' ignored
                 c:\users\daniel\documents\github\interpreter\myprogram\interpreter.cpp(24) : definition of 'i' used
     1>c:\users\daniel\documents\github\interpreter\myprogram\interpreter.cpp(21): warning C4101: 'execute' : unreferenced local variable
     1>c:\users\daniel\documents\github\interpreter\myprogram\interpreter.cpp(102): warning C4101: 'param' : unreferenced local variable
     1>c:\users\daniel\documents\github\interpreter\myprogram\interpreter.cpp(122): warning C4101: 'param' : unreferenced local variable
     1>c:\users\daniel\documents\github\interpreter\myprogram\interpreter.cpp(135): warning C4101: 'param' : unreferenced local variable
     1>c:\users\daniel\documents\github\interpreter\myprogram\interpreter.cpp(186): warning C4101: 'param' : unreferenced local variable
     1>c:\users\daniel\documents\github\interpreter\myprogram\interpreter.cpp(207): warning C4101: 'param' : unreferenced local variable
     1>c:\users\daniel\documents\github\interpreter\myprogram\interpreter.cpp(221): warning C4101: 'param' : unreferenced local variable
     1>c:\users\daniel\documents\github\interpreter\myprogram\interpreter.cpp(258): warning C4101: 'param' : unreferenced local variable
     1>c:\users\daniel\documents\github\interpreter\myprogram\interpreter.cpp(291): warning C4101: 'param' : unreferenced local variable
     1>c:\users\daniel\documents\github\interpreter\myprogram\interpreter.cpp(360): warning C4101: 'param' : unreferenced local variable
     1>c:\users\daniel\documents\github\interpreter\myprogram\interpreter.cpp(401): warning C4101: 'param' : unreferenced local variable
         interface.cpp
     1>c:\users\daniel\documents\github\interpreter\myprogram\interface.cpp(106): warning C4018: '>=' : signed/unsigned mismatch
     1>c:\users\daniel\documents\github\interpreter\myprogram\interface.cpp(139): warning C4018: '>=' : signed/unsigned mismatch
     1>c:\users\daniel\documents\github\interpreter\myprogram\interface.cpp(163): warning C4018: '>=' : signed/unsigned mismatch
     1>c:\users\daniel\documents\github\interpreter\myprogram\interface.cpp(212): warning C4996: 'getch': The POSIX name for this item is deprecated. Instead, use the ISO C++ conformant name: _getch. See online help for details.
                 c:\program files (x86)\microsoft visual studio 12.0\vc\include\conio.h(131) : see declaration of 'getch'
     1>c:\users\daniel\documents\github\interpreter\myprogram\interface.cpp(263): warning C4996: 'getch': The POSIX name for this item is deprecated. Instead, use the ISO C++ conformant name: _getch. See online help for details.
                 c:\program files (x86)\microsoft visual studio 12.0\vc\include\conio.h(131) : see declaration of 'getch'
         expEvaluator.cpp
     1>c:\users\daniel\documents\github\interpreter\myprogram\expevaluator.cpp(89): warning C4244: 'argument' : conversion from 'double' to 'float', possible loss of data
     1>c:\users\daniel\documents\github\interpreter\myprogram\expevaluator.cpp(173): warning C4244: 'argument' : conversion from 'int' to 'float', possible loss of data
         Generating Code...
     1>c:\users\daniel\documents\github\interpreter\myprogram\expevaluator.cpp(301): warning C4715: 'ExpressionEvaluator::infixToPostfixConversion' : not all control paths return a value
       Link:
         C:\Program Files (x86)\Microsoft Visual Studio 12.0\VC\bin\link.exe /ERRORREPORT:PROMPT /OUT:"C:\Users\Daniel\Documents\GitHub\Interpreter\Debug\myProgram.exe" /INCREMENTAL /NOLOGO kernel32.lib user32.lib gdi32.lib winspool.lib comdlg32.lib advapi32.lib shell32.lib ole32.lib oleaut32.lib uuid.lib odbc32.lib odbccp32.lib /MANIFEST /MANIFESTUAC:"level='asInvoker' uiAccess='false'" /manifest:embed /DEBUG /PDB:"C:\Users\Daniel\Documents\GitHub\Interpreter\Debug\myProgram.pdb" /SUBSYSTEM:CONSOLE /TLBID:1 /DYNAMICBASE /NXCOMPAT /IMPLIB:"C:\Users\Daniel\Documents\GitHub\Interpreter\Debug\myProgram.lib" /MACHINE:X86 Debug\expEvaluator.obj
         Debug\interface.obj
         Debug\interpreter.obj
         Debug\lexScanner.obj
         Debug\main.obj
         myProgram.vcxproj -> C:\Users\Daniel\Documents\GitHub\Interpreter\Debug\myProgram.exe
     1>Done Building Project "C:\Users\Daniel\Documents\GitHub\Interpreter\myProgram\myProgram.vcxproj" (Build target(s)).

Build succeeded.

Time Elapsed 00:00:03.72
